<?xml version="1.0" encoding="UTF-8"?>
<!-- Generated by org.testng.reporters.JUnitXMLReporter -->
<testsuite hostname="LAPTOP-OFIJ2E99" ignored="0" name="FreeCRMTest" tests="14" failures="0" timestamp="2019-08-17T18:13:47 EDT" time="150.934" errors="0">
  <testcase name="LoginIntoCrmTest" time="3.166" classname="com.qa.crm.testcases.CRMLoginPage"/>
  <testcase name="verifycrmLogoTest" time="0.179" classname="com.qa.crm.testcases.CRMLoginPage"/>
  <testcase name="verifyLoginTitleTest" time="0.021" classname="com.qa.crm.testcases.CRMLoginPage"/>
  <testcase name="clickOnSgnUpBtn" time="0.298" classname="com.qa.crm.testcases.CRMLoginPage"/>
  <testcase name="contactsLinkTest" time="0.891" classname="com.qa.crm.testcases.CRMHomePage"/>
  <testcase name="dealsLinkTest" time="0.869" classname="com.qa.crm.testcases.CRMHomePage"/>
  <testcase name="verifyUserNameTest" time="7.101" classname="com.qa.crm.testcases.CRMHomePage"/>
  <testcase name="verifyHomepageTitleTest" time="0.009" classname="com.qa.crm.testcases.CRMHomePage"/>
  <testcase name="clickOncontactTest" time="0.126" classname="com.qa.crm.testcases.CRMContact"/>
  <testcase name="verifyNewContactTest" time="0.063" classname="com.qa.crm.testcases.CRMContact"/>
  <testcase name="verifycontactLebelTest" time="0.056" classname="com.qa.crm.testcases.CRMContact"/>
  <testcase name="verifyCreateContactTest" time="2.657" classname="com.qa.crm.testcases.CRMContact"/>
  <testcase name="verifyCreateContactTest" time="2.48" classname="com.qa.crm.testcases.CRMContact"/>
  <testcase name="verifyCreateContactTest" time="2.519" classname="com.qa.crm.testcases.CRMContact"/>
</testsuite> <!-- FreeCRMTest -->
