<?xml version="1.0" encoding="UTF-8"?>
<!-- Generated by org.testng.reporters.JUnitXMLReporter -->
<testsuite hostname="LAPTOP-OFIJ2E99" ignored="0" name="Test" tests="11" failures="0" timestamp="2019-08-10T01:21:51 EDT" time="143.1" errors="0">
  <testcase name="LoginIntoCrmTest" time="2.866" classname="com.qa.crm.testcases.CRMLoginPage"/>
  <testcase name="verifycrmLogoTest" time="0.256" classname="com.qa.crm.testcases.CRMLoginPage"/>
  <testcase name="verifyLoginTitleTest" time="0.071" classname="com.qa.crm.testcases.CRMLoginPage"/>
  <testcase name="clickOnSgnUpBtn" time="0.197" classname="com.qa.crm.testcases.CRMLoginPage"/>
  <testcase name="contactsLinkTest" time="0.83" classname="com.qa.crm.testcases.CRMHomePage"/>
  <testcase name="dealsLinkTest" time="0.823" classname="com.qa.crm.testcases.CRMHomePage"/>
  <testcase name="verifyUserNameTest" time="39.484" classname="com.qa.crm.testcases.CRMHomePage"/>
  <testcase name="verifyHomepageTitleTest" time="0.012" classname="com.qa.crm.testcases.CRMHomePage"/>
  <testcase name="clickOncontactTest" time="0.15" classname="com.qa.crm.testcases.CRMContact"/>
  <testcase name="verifyNewContactTest" time="0.052" classname="com.qa.crm.testcases.CRMContact"/>
  <testcase name="verifycontactLebelTest" time="0.044" classname="com.qa.crm.testcases.CRMContact"/>
</testsuite> <!-- Test -->
