<?xml version="1.0" encoding="UTF-8"?>
<!-- Generated by org.testng.reporters.JUnitXMLReporter -->
<testsuite hostname="LAPTOP-OFIJ2E99" ignored="0" name="Default test" tests="4" failures="0" timestamp="2020-01-09T13:39:55 EST" time="63.856" errors="0">
  <testcase name="LoginIntoCrmTest" time="6.239" classname="com.qa.crm.testcases.CRMLoginPage"/>
  <testcase name="verifycrmLogoTest" time="0.308" classname="com.qa.crm.testcases.CRMLoginPage"/>
  <testcase name="verifyLoginTitleTest" time="0.023" classname="com.qa.crm.testcases.CRMLoginPage"/>
  <testcase name="clickOnSgnUpBtn" time="0.267" classname="com.qa.crm.testcases.CRMLoginPage"/>
</testsuite> <!-- Default test -->
