<?xml version="1.0" encoding="UTF-8"?>
<!-- Generated by org.testng.reporters.JUnitXMLReporter -->
<testsuite hostname="LAPTOP-OFIJ2E99" ignored="0" name="Default test" tests="3" failures="0" timestamp="2019-08-10T01:16:07 EDT" time="32.084" errors="0">
  <testcase name="clickOncontactTest" time="0.122" classname="com.qa.crm.testcases.CRMContact"/>
  <testcase name="verifyNewContactTest" time="0.09" classname="com.qa.crm.testcases.CRMContact"/>
  <testcase name="verifycontactLebelTest" time="0.058" classname="com.qa.crm.testcases.CRMContact"/>
</testsuite> <!-- Default test -->
